[2026-06-25 18:11:02,800][__main__][INFO] - ================================================================================
[2026-06-25 18:11:02,800][__main__][INFO] - CONFIGURATION
[2026-06-25 18:11:02,800][__main__][INFO] - ================================================================================
[2026-06-25 18:11:02,801][__main__][INFO] - experiment:
  name: vggtomega_full
  group: frames2pts3d_vggtomega
paths:
  image_dir: data/incoming/images
  output_base: data/intermediates/frames2pts3d
  hydra_logs: logs/hydra/frames2pts3d_vggtomega
  cache_dir: /tmp/cache_vggtomega
model:
  checkpoint_path: data/models/vggt_omega_1b_512.pt
  embedding_dim: 512
images:
  file_pattern: '*.jpg'
  resize_resolution: 512
pairs:
  scene_graph: sequential
  symmetrize: true
alignment:
  coarse_phase:
    learning_rate: 0.07
    iterations: 300
    description: Coarse phase alignment with VGGT-Omega features
  fine_phase:
    learning_rate: 0.01
    iterations: 300
    description: Fine phase alignment with VGGT-Omega features
visualization:
  enabled: true
  image_idx: 0
  dpi: 150
  confidence_threshold: 0.1
  figure_size:
  - 12
  - 9
  colormap: viridis
  point_size: 1
  alpha: 0.6
output:
  save_poses: true
  save_focals: true
  save_point_clouds: true
  save_visualization: true
  save_config: true

[2026-06-25 18:11:02,801][__main__][INFO] - ================================================================================
[2026-06-25 18:11:02,801][__main__][INFO] - Output directory: data/intermediates/frames2pts3d/vggtomega_full
[2026-06-25 18:11:02,801][__main__][INFO] - [1/6] Loading VGGT-Omega encoder...
[2026-06-25 18:11:02,808][__main__][INFO] - Using device: mps
[2026-06-25 18:11:02,808][__main__][INFO] - Loading VGGT-Omega checkpoint from data/models/vggt_omega_1b_512.pt...
[2026-06-25 18:11:05,136][__main__][INFO] - Loaded VGGT-Omega checkpoint with config: {'embedding_dim': 1024, 'num_tokens': 2}
[2026-06-25 18:11:05,136][__main__][INFO] - ✓ Encoder loaded successfully
[2026-06-25 18:11:05,137][__main__][INFO] - 
[2/6] Loading images from data/incoming/images/...
[2026-06-25 18:11:05,138][__main__][INFO] - Found 124 images
[2026-06-25 18:11:05,160][__main__][INFO] -   ✓ Loaded frame_0001.jpg (1/124)
[2026-06-25 18:11:05,179][__main__][INFO] -   ✓ Loaded frame_0002.jpg (2/124)
[2026-06-25 18:11:05,198][__main__][INFO] -   ✓ Loaded frame_0003.jpg (3/124)
[2026-06-25 18:11:05,216][__main__][INFO] -   ✓ Loaded frame_0004.jpg (4/124)
[2026-06-25 18:11:05,234][__main__][INFO] -   ✓ Loaded frame_0005.jpg (5/124)
[2026-06-25 18:11:05,251][__main__][INFO] -   ✓ Loaded frame_0006.jpg (6/124)
[2026-06-25 18:11:05,269][__main__][INFO] -   ✓ Loaded frame_0007.jpg (7/124)
[2026-06-25 18:11:05,287][__main__][INFO] -   ✓ Loaded frame_0008.jpg (8/124)
[2026-06-25 18:11:05,305][__main__][INFO] -   ✓ Loaded frame_0009.jpg (9/124)
[2026-06-25 18:11:05,322][__main__][INFO] -   ✓ Loaded frame_0010.jpg (10/124)
[2026-06-25 18:11:05,339][__main__][INFO] -   ✓ Loaded frame_0011.jpg (11/124)
[2026-06-25 18:11:05,357][__main__][INFO] -   ✓ Loaded frame_0012.jpg (12/124)
[2026-06-25 18:11:05,374][__main__][INFO] -   ✓ Loaded frame_0013.jpg (13/124)
[2026-06-25 18:11:05,392][__main__][INFO] -   ✓ Loaded frame_0014.jpg (14/124)
[2026-06-25 18:11:05,409][__main__][INFO] -   ✓ Loaded frame_0015.jpg (15/124)
[2026-06-25 18:11:05,426][__main__][INFO] -   ✓ Loaded frame_0016.jpg (16/124)
[2026-06-25 18:11:05,443][__main__][INFO] -   ✓ Loaded frame_0017.jpg (17/124)
[2026-06-25 18:11:05,462][__main__][INFO] -   ✓ Loaded frame_0018.jpg (18/124)
[2026-06-25 18:11:05,482][__main__][INFO] -   ✓ Loaded frame_0019.jpg (19/124)
[2026-06-25 18:11:05,500][__main__][INFO] -   ✓ Loaded frame_0020.jpg (20/124)
[2026-06-25 18:11:05,518][__main__][INFO] -   ✓ Loaded frame_0021.jpg (21/124)
[2026-06-25 18:11:05,536][__main__][INFO] -   ✓ Loaded frame_0022.jpg (22/124)
[2026-06-25 18:11:05,554][__main__][INFO] -   ✓ Loaded frame_0023.jpg (23/124)
[2026-06-25 18:11:05,572][__main__][INFO] -   ✓ Loaded frame_0024.jpg (24/124)
[2026-06-25 18:11:05,590][__main__][INFO] -   ✓ Loaded frame_0025.jpg (25/124)
[2026-06-25 18:11:05,606][__main__][INFO] -   ✓ Loaded frame_0026.jpg (26/124)
[2026-06-25 18:11:05,622][__main__][INFO] -   ✓ Loaded frame_0027.jpg (27/124)
[2026-06-25 18:11:05,638][__main__][INFO] -   ✓ Loaded frame_0028.jpg (28/124)
[2026-06-25 18:11:05,656][__main__][INFO] -   ✓ Loaded frame_0029.jpg (29/124)
[2026-06-25 18:11:05,673][__main__][INFO] -   ✓ Loaded frame_0030.jpg (30/124)
[2026-06-25 18:11:05,689][__main__][INFO] -   ✓ Loaded frame_0031.jpg (31/124)
[2026-06-25 18:11:05,705][__main__][INFO] -   ✓ Loaded frame_0032.jpg (32/124)
[2026-06-25 18:11:05,722][__main__][INFO] -   ✓ Loaded frame_0033.jpg (33/124)
[2026-06-25 18:11:05,738][__main__][INFO] -   ✓ Loaded frame_0034.jpg (34/124)
[2026-06-25 18:11:05,754][__main__][INFO] -   ✓ Loaded frame_0035.jpg (35/124)
[2026-06-25 18:11:05,772][__main__][INFO] -   ✓ Loaded frame_0036.jpg (36/124)
[2026-06-25 18:11:05,790][__main__][INFO] -   ✓ Loaded frame_0037.jpg (37/124)
[2026-06-25 18:11:05,807][__main__][INFO] -   ✓ Loaded frame_0038.jpg (38/124)
[2026-06-25 18:11:05,824][__main__][INFO] -   ✓ Loaded frame_0039.jpg (39/124)
[2026-06-25 18:11:05,841][__main__][INFO] -   ✓ Loaded frame_0040.jpg (40/124)
[2026-06-25 18:11:05,858][__main__][INFO] -   ✓ Loaded frame_0041.jpg (41/124)
[2026-06-25 18:11:05,874][__main__][INFO] -   ✓ Loaded frame_0042.jpg (42/124)
[2026-06-25 18:11:05,891][__main__][INFO] -   ✓ Loaded frame_0043.jpg (43/124)
[2026-06-25 18:11:05,908][__main__][INFO] -   ✓ Loaded frame_0044.jpg (44/124)
[2026-06-25 18:11:05,926][__main__][INFO] -   ✓ Loaded frame_0045.jpg (45/124)
[2026-06-25 18:11:05,944][__main__][INFO] -   ✓ Loaded frame_0046.jpg (46/124)
[2026-06-25 18:11:05,961][__main__][INFO] -   ✓ Loaded frame_0047.jpg (47/124)
[2026-06-25 18:11:05,978][__main__][INFO] -   ✓ Loaded frame_0048.jpg (48/124)
[2026-06-25 18:11:05,994][__main__][INFO] -   ✓ Loaded frame_0049.jpg (49/124)
[2026-06-25 18:11:06,011][__main__][INFO] -   ✓ Loaded frame_0050.jpg (50/124)
[2026-06-25 18:11:06,028][__main__][INFO] -   ✓ Loaded frame_0051.jpg (51/124)
[2026-06-25 18:11:06,045][__main__][INFO] -   ✓ Loaded frame_0052.jpg (52/124)
[2026-06-25 18:11:06,061][__main__][INFO] -   ✓ Loaded frame_0053.jpg (53/124)
[2026-06-25 18:11:06,079][__main__][INFO] -   ✓ Loaded frame_0054.jpg (54/124)
[2026-06-25 18:11:06,096][__main__][INFO] -   ✓ Loaded frame_0055.jpg (55/124)
[2026-06-25 18:11:06,113][__main__][INFO] -   ✓ Loaded frame_0056.jpg (56/124)
[2026-06-25 18:11:06,130][__main__][INFO] -   ✓ Loaded frame_0057.jpg (57/124)
[2026-06-25 18:11:06,146][__main__][INFO] -   ✓ Loaded frame_0058.jpg (58/124)
[2026-06-25 18:11:06,162][__main__][INFO] -   ✓ Loaded frame_0059.jpg (59/124)
[2026-06-25 18:11:06,178][__main__][INFO] -   ✓ Loaded frame_0060.jpg (60/124)
[2026-06-25 18:11:06,194][__main__][INFO] -   ✓ Loaded frame_0061.jpg (61/124)
[2026-06-25 18:11:06,209][__main__][INFO] -   ✓ Loaded frame_0062.jpg (62/124)
[2026-06-25 18:11:06,226][__main__][INFO] -   ✓ Loaded frame_0063.jpg (63/124)
[2026-06-25 18:11:06,242][__main__][INFO] -   ✓ Loaded frame_0064.jpg (64/124)
[2026-06-25 18:11:06,259][__main__][INFO] -   ✓ Loaded frame_0065.jpg (65/124)
[2026-06-25 18:11:06,277][__main__][INFO] -   ✓ Loaded frame_0066.jpg (66/124)
[2026-06-25 18:11:06,295][__main__][INFO] -   ✓ Loaded frame_0067.jpg (67/124)
[2026-06-25 18:11:06,312][__main__][INFO] -   ✓ Loaded frame_0068.jpg (68/124)
[2026-06-25 18:11:06,330][__main__][INFO] -   ✓ Loaded frame_0069.jpg (69/124)
[2026-06-25 18:11:06,348][__main__][INFO] -   ✓ Loaded frame_0070.jpg (70/124)
[2026-06-25 18:11:06,364][__main__][INFO] -   ✓ Loaded frame_0071.jpg (71/124)
[2026-06-25 18:11:06,379][__main__][INFO] -   ✓ Loaded frame_0072.jpg (72/124)
[2026-06-25 18:11:06,395][__main__][INFO] -   ✓ Loaded frame_0073.jpg (73/124)
[2026-06-25 18:11:06,411][__main__][INFO] -   ✓ Loaded frame_0074.jpg (74/124)
[2026-06-25 18:11:06,428][__main__][INFO] -   ✓ Loaded frame_0075.jpg (75/124)
[2026-06-25 18:11:06,444][__main__][INFO] -   ✓ Loaded frame_0076.jpg (76/124)
[2026-06-25 18:11:06,458][__main__][INFO] -   ✓ Loaded frame_0077.jpg (77/124)
[2026-06-25 18:11:06,473][__main__][INFO] -   ✓ Loaded frame_0078.jpg (78/124)
[2026-06-25 18:11:06,489][__main__][INFO] -   ✓ Loaded frame_0079.jpg (79/124)
[2026-06-25 18:11:06,505][__main__][INFO] -   ✓ Loaded frame_0080.jpg (80/124)
[2026-06-25 18:11:06,521][__main__][INFO] -   ✓ Loaded frame_0081.jpg (81/124)
[2026-06-25 18:11:06,538][__main__][INFO] -   ✓ Loaded frame_0082.jpg (82/124)
[2026-06-25 18:11:06,554][__main__][INFO] -   ✓ Loaded frame_0083.jpg (83/124)
[2026-06-25 18:11:06,571][__main__][INFO] -   ✓ Loaded frame_0084.jpg (84/124)
[2026-06-25 18:11:06,588][__main__][INFO] -   ✓ Loaded frame_0085.jpg (85/124)
[2026-06-25 18:11:06,605][__main__][INFO] -   ✓ Loaded frame_0086.jpg (86/124)
[2026-06-25 18:11:06,621][__main__][INFO] -   ✓ Loaded frame_0087.jpg (87/124)
[2026-06-25 18:11:06,642][__main__][INFO] -   ✓ Loaded frame_0088.jpg (88/124)
[2026-06-25 18:11:06,659][__main__][INFO] -   ✓ Loaded frame_0089.jpg (89/124)
[2026-06-25 18:11:06,676][__main__][INFO] -   ✓ Loaded frame_0090.jpg (90/124)
[2026-06-25 18:11:06,692][__main__][INFO] -   ✓ Loaded frame_0091.jpg (91/124)
[2026-06-25 18:11:06,710][__main__][INFO] -   ✓ Loaded frame_0092.jpg (92/124)
[2026-06-25 18:11:06,726][__main__][INFO] -   ✓ Loaded frame_0093.jpg (93/124)
[2026-06-25 18:11:06,743][__main__][INFO] -   ✓ Loaded frame_0094.jpg (94/124)
[2026-06-25 18:11:06,760][__main__][INFO] -   ✓ Loaded frame_0095.jpg (95/124)
[2026-06-25 18:11:06,777][__main__][INFO] -   ✓ Loaded frame_0096.jpg (96/124)
[2026-06-25 18:11:06,794][__main__][INFO] -   ✓ Loaded frame_0097.jpg (97/124)
[2026-06-25 18:11:06,812][__main__][INFO] -   ✓ Loaded frame_0098.jpg (98/124)
[2026-06-25 18:11:06,828][__main__][INFO] -   ✓ Loaded frame_0099.jpg (99/124)
[2026-06-25 18:11:06,844][__main__][INFO] -   ✓ Loaded frame_0100.jpg (100/124)
[2026-06-25 18:11:06,861][__main__][INFO] -   ✓ Loaded frame_0101.jpg (101/124)
[2026-06-25 18:11:06,877][__main__][INFO] -   ✓ Loaded frame_0102.jpg (102/124)
[2026-06-25 18:11:06,893][__main__][INFO] -   ✓ Loaded frame_0103.jpg (103/124)
[2026-06-25 18:11:06,909][__main__][INFO] -   ✓ Loaded frame_0104.jpg (104/124)
[2026-06-25 18:11:06,925][__main__][INFO] -   ✓ Loaded frame_0105.jpg (105/124)
[2026-06-25 18:11:06,940][__main__][INFO] -   ✓ Loaded frame_0106.jpg (106/124)
[2026-06-25 18:11:06,958][__main__][INFO] -   ✓ Loaded frame_0107.jpg (107/124)
[2026-06-25 18:11:06,973][__main__][INFO] -   ✓ Loaded frame_0108.jpg (108/124)
[2026-06-25 18:11:06,988][__main__][INFO] -   ✓ Loaded frame_0109.jpg (109/124)
[2026-06-25 18:11:07,003][__main__][INFO] -   ✓ Loaded frame_0110.jpg (110/124)
[2026-06-25 18:11:07,019][__main__][INFO] -   ✓ Loaded frame_0111.jpg (111/124)
[2026-06-25 18:11:07,036][__main__][INFO] -   ✓ Loaded frame_0112.jpg (112/124)
[2026-06-25 18:11:07,051][__main__][INFO] -   ✓ Loaded frame_0113.jpg (113/124)
[2026-06-25 18:11:07,069][__main__][INFO] -   ✓ Loaded frame_0114.jpg (114/124)
[2026-06-25 18:11:07,084][__main__][INFO] -   ✓ Loaded frame_0115.jpg (115/124)
[2026-06-25 18:11:07,099][__main__][INFO] -   ✓ Loaded frame_0116.jpg (116/124)
[2026-06-25 18:11:07,115][__main__][INFO] -   ✓ Loaded frame_0117.jpg (117/124)
[2026-06-25 18:11:07,132][__main__][INFO] -   ✓ Loaded frame_0118.jpg (118/124)
[2026-06-25 18:11:07,152][__main__][INFO] -   ✓ Loaded frame_0119.jpg (119/124)
[2026-06-25 18:11:07,168][__main__][INFO] -   ✓ Loaded frame_0120.jpg (120/124)
[2026-06-25 18:11:07,185][__main__][INFO] -   ✓ Loaded frame_0121.jpg (121/124)
[2026-06-25 18:11:07,201][__main__][INFO] -   ✓ Loaded frame_0122.jpg (122/124)
[2026-06-25 18:11:07,218][__main__][INFO] -   ✓ Loaded frame_0123.jpg (123/124)
[2026-06-25 18:11:07,236][__main__][INFO] -   ✓ Loaded frame_0124.jpg (124/124)
[2026-06-25 18:11:07,236][__main__][INFO] - ✓ All 124 images loaded successfully
[2026-06-25 18:11:07,236][__main__][INFO] - 
[3/6] Extracting VGGT-Omega features...
[2026-06-25 18:11:07,250][__main__][INFO] -   ✓ Extracted features for frame_0001.jpg (shape: torch.Size([1, 2, 1024]))
[2026-06-25 18:11:07,251][__main__][INFO] -   ✓ Extracted features for frame_0002.jpg (shape: torch.Size([1, 2, 1024]))
[2026-06-25 18:11:07,253][__main__][INFO] -   ✓ Extracted features for frame_0003.jpg (shape: torch.Size([1, 2, 1024]))
[2026-06-25 18:11:07,254][__main__][INFO] -   ✓ Extracted features for frame_0004.jpg (shape: torch.Size([1, 2, 1024]))
[2026-06-25 18:11:07,255][__main__][INFO] -   ✓ Extracted features for frame_0005.jpg (shape: torch.Size([1, 2, 1024]))
[2026-06-25 18:11:07,257][__main__][INFO] -   ✓ Extracted features for frame_0006.jpg (shape: torch.Size([1, 2, 1024]))
[2026-06-25 18:11:07,258][__main__][INFO] -   ✓ Extracted features for frame_0007.jpg (shape: torch.Size([1, 2, 1024]))
[2026-06-25 18:11:07,259][__main__][INFO] -   ✓ Extracted features for frame_0008.jpg (shape: torch.Size([1, 2, 1024]))
[2026-06-25 18:11:07,261][__main__][INFO] -   ✓ Extracted features for frame_0009.jpg (shape: torch.Size([1, 2, 1024]))
[2026-06-25 18:11:07,262][__main__][INFO] -   ✓ Extracted features for frame_0010.jpg (shape: torch.Size([1, 2, 1024]))
[2026-06-25 18:11:07,263][__main__][INFO] -   ✓ Extracted features for frame_0011.jpg (shape: torch.Size([1, 2, 1024]))
[2026-06-25 18:11:07,264][__main__][INFO] -   ✓ Extracted features for frame_0012.jpg (shape: torch.Size([1, 2, 1024]))
[2026-06-25 18:11:07,265][__main__][INFO] -   ✓ Extracted features for frame_0013.jpg (shape: torch.Size([1, 2, 1024]))
[2026-06-25 18:11:07,266][__main__][INFO] -   ✓ Extracted features for frame_0014.jpg (shape: torch.Size([1, 2, 1024]))
[2026-06-25 18:11:07,267][__main__][INFO] -   ✓ Extracted features for frame_0015.jpg (shape: torch.Size([1, 2, 1024]))
[2026-06-25 18:11:07,268][__main__][INFO] -   ✓ Extracted features for frame_0016.jpg (shape: torch.Size([1, 2, 1024]))
[2026-06-25 18:11:07,270][__main__][INFO] -   ✓ Extracted features for frame_0017.jpg (shape: torch.Size([1, 2, 1024]))
[2026-06-25 18:11:07,271][__main__][INFO] -   ✓ Extracted features for frame_0018.jpg (shape: torch.Size([1, 2, 1024]))
[2026-06-25 18:11:07,272][__main__][INFO] -   ✓ Extracted features for frame_0019.jpg (shape: torch.Size([1, 2, 1024]))
[2026-06-25 18:11:07,273][__main__][INFO] -   ✓ Extracted features for frame_0020.jpg (shape: torch.Size([1, 2, 1024]))
[2026-06-25 18:11:07,274][__main__][INFO] -   ✓ Extracted features for frame_0021.jpg (shape: torch.Size([1, 2, 1024]))
[2026-06-25 18:11:07,275][__main__][INFO] -   ✓ Extracted features for frame_0022.jpg (shape: torch.Size([1, 2, 1024]))
[2026-06-25 18:11:07,277][__main__][INFO] -   ✓ Extracted features for frame_0023.jpg (shape: torch.Size([1, 2, 1024]))
[2026-06-25 18:11:07,278][__main__][INFO] -   ✓ Extracted features for frame_0024.jpg (shape: torch.Size([1, 2, 1024]))
[2026-06-25 18:11:07,279][__main__][INFO] -   ✓ Extracted features for frame_0025.jpg (shape: torch.Size([1, 2, 1024]))
[2026-06-25 18:11:07,281][__main__][INFO] -   ✓ Extracted features for frame_0026.jpg (shape: torch.Size([1, 2, 1024]))
[2026-06-25 18:11:07,282][__main__][INFO] -   ✓ Extracted features for frame_0027.jpg (shape: torch.Size([1, 2, 1024]))
[2026-06-25 18:11:07,283][__main__][INFO] -   ✓ Extracted features for frame_0028.jpg (shape: torch.Size([1, 2, 1024]))
[2026-06-25 18:11:07,284][__main__][INFO] -   ✓ Extracted features for frame_0029.jpg (shape: torch.Size([1, 2, 1024]))
[2026-06-25 18:11:07,286][__main__][INFO] -   ✓ Extracted features for frame_0030.jpg (shape: torch.Size([1, 2, 1024]))
[2026-06-25 18:11:07,287][__main__][INFO] -   ✓ Extracted features for frame_0031.jpg (shape: torch.Size([1, 2, 1024]))
[2026-06-25 18:11:07,288][__main__][INFO] -   ✓ Extracted features for frame_0032.jpg (shape: torch.Size([1, 2, 1024]))
[2026-06-25 18:11:07,290][__main__][INFO] -   ✓ Extracted features for frame_0033.jpg (shape: torch.Size([1, 2, 1024]))
[2026-06-25 18:11:07,291][__main__][INFO] -   ✓ Extracted features for frame_0034.jpg (shape: torch.Size([1, 2, 1024]))
[2026-06-25 18:11:07,292][__main__][INFO] -   ✓ Extracted features for frame_0035.jpg (shape: torch.Size([1, 2, 1024]))
[2026-06-25 18:11:07,294][__main__][INFO] -   ✓ Extracted features for frame_0036.jpg (shape: torch.Size([1, 2, 1024]))
[2026-06-25 18:11:07,295][__main__][INFO] -   ✓ Extracted features for frame_0037.jpg (shape: torch.Size([1, 2, 1024]))
[2026-06-25 18:11:07,296][__main__][INFO] -   ✓ Extracted features for frame_0038.jpg (shape: torch.Size([1, 2, 1024]))
[2026-06-25 18:11:07,297][__main__][INFO] -   ✓ Extracted features for frame_0039.jpg (shape: torch.Size([1, 2, 1024]))
[2026-06-25 18:11:07,298][__main__][INFO] -   ✓ Extracted features for frame_0040.jpg (shape: torch.Size([1, 2, 1024]))
[2026-06-25 18:11:07,300][__main__][INFO] -   ✓ Extracted features for frame_0041.jpg (shape: torch.Size([1, 2, 1024]))
[2026-06-25 18:11:07,301][__main__][INFO] -   ✓ Extracted features for frame_0042.jpg (shape: torch.Size([1, 2, 1024]))
[2026-06-25 18:11:07,301][__main__][INFO] -   ✓ Extracted features for frame_0043.jpg (shape: torch.Size([1, 2, 1024]))
[2026-06-25 18:11:07,302][__main__][INFO] -   ✓ Extracted features for frame_0044.jpg (shape: torch.Size([1, 2, 1024]))
[2026-06-25 18:11:07,304][__main__][INFO] -   ✓ Extracted features for frame_0045.jpg (shape: torch.Size([1, 2, 1024]))
[2026-06-25 18:11:07,305][__main__][INFO] -   ✓ Extracted features for frame_0046.jpg (shape: torch.Size([1, 2, 1024]))
[2026-06-25 18:11:07,306][__main__][INFO] -   ✓ Extracted features for frame_0047.jpg (shape: torch.Size([1, 2, 1024]))
[2026-06-25 18:11:07,307][__main__][INFO] -   ✓ Extracted features for frame_0048.jpg (shape: torch.Size([1, 2, 1024]))
[2026-06-25 18:11:07,308][__main__][INFO] -   ✓ Extracted features for frame_0049.jpg (shape: torch.Size([1, 2, 1024]))
[2026-06-25 18:11:07,309][__main__][INFO] -   ✓ Extracted features for frame_0050.jpg (shape: torch.Size([1, 2, 1024]))
[2026-06-25 18:11:07,311][__main__][INFO] -   ✓ Extracted features for frame_0051.jpg (shape: torch.Size([1, 2, 1024]))
[2026-06-25 18:11:07,312][__main__][INFO] -   ✓ Extracted features for frame_0052.jpg (shape: torch.Size([1, 2, 1024]))
[2026-06-25 18:11:07,313][__main__][INFO] -   ✓ Extracted features for frame_0053.jpg (shape: torch.Size([1, 2, 1024]))
[2026-06-25 18:11:07,314][__main__][INFO] -   ✓ Extracted features for frame_0054.jpg (shape: torch.Size([1, 2, 1024]))
[2026-06-25 18:11:07,315][__main__][INFO] -   ✓ Extracted features for frame_0055.jpg (shape: torch.Size([1, 2, 1024]))
[2026-06-25 18:11:07,316][__main__][INFO] -   ✓ Extracted features for frame_0056.jpg (shape: torch.Size([1, 2, 1024]))
[2026-06-25 18:11:07,317][__main__][INFO] -   ✓ Extracted features for frame_0057.jpg (shape: torch.Size([1, 2, 1024]))
[2026-06-25 18:11:07,318][__main__][INFO] -   ✓ Extracted features for frame_0058.jpg (shape: torch.Size([1, 2, 1024]))
[2026-06-25 18:11:07,319][__main__][INFO] -   ✓ Extracted features for frame_0059.jpg (shape: torch.Size([1, 2, 1024]))
[2026-06-25 18:11:07,320][__main__][INFO] -   ✓ Extracted features for frame_0060.jpg (shape: torch.Size([1, 2, 1024]))
[2026-06-25 18:11:07,321][__main__][INFO] -   ✓ Extracted features for frame_0061.jpg (shape: torch.Size([1, 2, 1024]))
[2026-06-25 18:11:07,322][__main__][INFO] -   ✓ Extracted features for frame_0062.jpg (shape: torch.Size([1, 2, 1024]))
[2026-06-25 18:11:07,323][__main__][INFO] -   ✓ Extracted features for frame_0063.jpg (shape: torch.Size([1, 2, 1024]))
[2026-06-25 18:11:07,324][__main__][INFO] -   ✓ Extracted features for frame_0064.jpg (shape: torch.Size([1, 2, 1024]))
[2026-06-25 18:11:07,325][__main__][INFO] -   ✓ Extracted features for frame_0065.jpg (shape: torch.Size([1, 2, 1024]))
[2026-06-25 18:11:07,327][__main__][INFO] -   ✓ Extracted features for frame_0066.jpg (shape: torch.Size([1, 2, 1024]))
[2026-06-25 18:11:07,328][__main__][INFO] -   ✓ Extracted features for frame_0067.jpg (shape: torch.Size([1, 2, 1024]))
[2026-06-25 18:11:07,329][__main__][INFO] -   ✓ Extracted features for frame_0068.jpg (shape: torch.Size([1, 2, 1024]))
[2026-06-25 18:11:07,330][__main__][INFO] -   ✓ Extracted features for frame_0069.jpg (shape: torch.Size([1, 2, 1024]))
[2026-06-25 18:11:07,331][__main__][INFO] -   ✓ Extracted features for frame_0070.jpg (shape: torch.Size([1, 2, 1024]))
[2026-06-25 18:11:07,332][__main__][INFO] -   ✓ Extracted features for frame_0071.jpg (shape: torch.Size([1, 2, 1024]))
[2026-06-25 18:11:07,333][__main__][INFO] -   ✓ Extracted features for frame_0072.jpg (shape: torch.Size([1, 2, 1024]))
[2026-06-25 18:11:07,334][__main__][INFO] -   ✓ Extracted features for frame_0073.jpg (shape: torch.Size([1, 2, 1024]))
[2026-06-25 18:11:07,335][__main__][INFO] -   ✓ Extracted features for frame_0074.jpg (shape: torch.Size([1, 2, 1024]))
[2026-06-25 18:11:07,335][__main__][INFO] -   ✓ Extracted features for frame_0075.jpg (shape: torch.Size([1, 2, 1024]))
[2026-06-25 18:11:07,336][__main__][INFO] -   ✓ Extracted features for frame_0076.jpg (shape: torch.Size([1, 2, 1024]))
[2026-06-25 18:11:07,337][__main__][INFO] -   ✓ Extracted features for frame_0077.jpg (shape: torch.Size([1, 2, 1024]))
[2026-06-25 18:11:07,338][__main__][INFO] -   ✓ Extracted features for frame_0078.jpg (shape: torch.Size([1, 2, 1024]))
[2026-06-25 18:11:07,339][__main__][INFO] -   ✓ Extracted features for frame_0079.jpg (shape: torch.Size([1, 2, 1024]))
[2026-06-25 18:11:07,340][__main__][INFO] -   ✓ Extracted features for frame_0080.jpg (shape: torch.Size([1, 2, 1024]))
[2026-06-25 18:11:07,340][__main__][INFO] -   ✓ Extracted features for frame_0081.jpg (shape: torch.Size([1, 2, 1024]))
[2026-06-25 18:11:07,341][__main__][INFO] -   ✓ Extracted features for frame_0082.jpg (shape: torch.Size([1, 2, 1024]))
[2026-06-25 18:11:07,342][__main__][INFO] -   ✓ Extracted features for frame_0083.jpg (shape: torch.Size([1, 2, 1024]))
[2026-06-25 18:11:07,344][__main__][INFO] -   ✓ Extracted features for frame_0084.jpg (shape: torch.Size([1, 2, 1024]))
[2026-06-25 18:11:07,344][__main__][INFO] -   ✓ Extracted features for frame_0085.jpg (shape: torch.Size([1, 2, 1024]))
[2026-06-25 18:11:07,345][__main__][INFO] -   ✓ Extracted features for frame_0086.jpg (shape: torch.Size([1, 2, 1024]))
[2026-06-25 18:11:07,346][__main__][INFO] -   ✓ Extracted features for frame_0087.jpg (shape: torch.Size([1, 2, 1024]))
[2026-06-25 18:11:07,347][__main__][INFO] -   ✓ Extracted features for frame_0088.jpg (shape: torch.Size([1, 2, 1024]))
[2026-06-25 18:11:07,348][__main__][INFO] -   ✓ Extracted features for frame_0089.jpg (shape: torch.Size([1, 2, 1024]))
[2026-06-25 18:11:07,349][__main__][INFO] -   ✓ Extracted features for frame_0090.jpg (shape: torch.Size([1, 2, 1024]))
[2026-06-25 18:11:07,350][__main__][INFO] -   ✓ Extracted features for frame_0091.jpg (shape: torch.Size([1, 2, 1024]))
[2026-06-25 18:11:07,351][__main__][INFO] -   ✓ Extracted features for frame_0092.jpg (shape: torch.Size([1, 2, 1024]))
[2026-06-25 18:11:07,352][__main__][INFO] -   ✓ Extracted features for frame_0093.jpg (shape: torch.Size([1, 2, 1024]))
[2026-06-25 18:11:07,353][__main__][INFO] -   ✓ Extracted features for frame_0094.jpg (shape: torch.Size([1, 2, 1024]))
[2026-06-25 18:11:07,354][__main__][INFO] -   ✓ Extracted features for frame_0095.jpg (shape: torch.Size([1, 2, 1024]))
[2026-06-25 18:11:07,355][__main__][INFO] -   ✓ Extracted features for frame_0096.jpg (shape: torch.Size([1, 2, 1024]))
[2026-06-25 18:11:07,356][__main__][INFO] -   ✓ Extracted features for frame_0097.jpg (shape: torch.Size([1, 2, 1024]))
[2026-06-25 18:11:07,357][__main__][INFO] -   ✓ Extracted features for frame_0098.jpg (shape: torch.Size([1, 2, 1024]))
[2026-06-25 18:11:07,358][__main__][INFO] -   ✓ Extracted features for frame_0099.jpg (shape: torch.Size([1, 2, 1024]))
[2026-06-25 18:11:07,359][__main__][INFO] -   ✓ Extracted features for frame_0100.jpg (shape: torch.Size([1, 2, 1024]))
[2026-06-25 18:11:07,361][__main__][INFO] -   ✓ Extracted features for frame_0101.jpg (shape: torch.Size([1, 2, 1024]))
[2026-06-25 18:11:07,361][__main__][INFO] -   ✓ Extracted features for frame_0102.jpg (shape: torch.Size([1, 2, 1024]))
[2026-06-25 18:11:07,362][__main__][INFO] -   ✓ Extracted features for frame_0103.jpg (shape: torch.Size([1, 2, 1024]))
[2026-06-25 18:11:07,364][__main__][INFO] -   ✓ Extracted features for frame_0104.jpg (shape: torch.Size([1, 2, 1024]))
[2026-06-25 18:11:07,364][__main__][INFO] -   ✓ Extracted features for frame_0105.jpg (shape: torch.Size([1, 2, 1024]))
[2026-06-25 18:11:07,365][__main__][INFO] -   ✓ Extracted features for frame_0106.jpg (shape: torch.Size([1, 2, 1024]))
[2026-06-25 18:11:07,366][__main__][INFO] -   ✓ Extracted features for frame_0107.jpg (shape: torch.Size([1, 2, 1024]))
[2026-06-25 18:11:07,368][__main__][INFO] -   ✓ Extracted features for frame_0108.jpg (shape: torch.Size([1, 2, 1024]))
[2026-06-25 18:11:07,369][__main__][INFO] -   ✓ Extracted features for frame_0109.jpg (shape: torch.Size([1, 2, 1024]))
[2026-06-25 18:11:07,370][__main__][INFO] -   ✓ Extracted features for frame_0110.jpg (shape: torch.Size([1, 2, 1024]))
[2026-06-25 18:11:07,371][__main__][INFO] -   ✓ Extracted features for frame_0111.jpg (shape: torch.Size([1, 2, 1024]))
[2026-06-25 18:11:07,372][__main__][INFO] -   ✓ Extracted features for frame_0112.jpg (shape: torch.Size([1, 2, 1024]))
[2026-06-25 18:11:07,373][__main__][INFO] -   ✓ Extracted features for frame_0113.jpg (shape: torch.Size([1, 2, 1024]))
[2026-06-25 18:11:07,375][__main__][INFO] -   ✓ Extracted features for frame_0114.jpg (shape: torch.Size([1, 2, 1024]))
[2026-06-25 18:11:07,377][__main__][INFO] -   ✓ Extracted features for frame_0115.jpg (shape: torch.Size([1, 2, 1024]))
[2026-06-25 18:11:07,378][__main__][INFO] -   ✓ Extracted features for frame_0116.jpg (shape: torch.Size([1, 2, 1024]))
[2026-06-25 18:11:07,379][__main__][INFO] -   ✓ Extracted features for frame_0117.jpg (shape: torch.Size([1, 2, 1024]))
[2026-06-25 18:11:07,380][__main__][INFO] -   ✓ Extracted features for frame_0118.jpg (shape: torch.Size([1, 2, 1024]))
[2026-06-25 18:11:07,382][__main__][INFO] -   ✓ Extracted features for frame_0119.jpg (shape: torch.Size([1, 2, 1024]))
[2026-06-25 18:11:07,383][__main__][INFO] -   ✓ Extracted features for frame_0120.jpg (shape: torch.Size([1, 2, 1024]))
[2026-06-25 18:11:07,384][__main__][INFO] -   ✓ Extracted features for frame_0121.jpg (shape: torch.Size([1, 2, 1024]))
[2026-06-25 18:11:07,385][__main__][INFO] -   ✓ Extracted features for frame_0122.jpg (shape: torch.Size([1, 2, 1024]))
[2026-06-25 18:11:07,386][__main__][INFO] -   ✓ Extracted features for frame_0123.jpg (shape: torch.Size([1, 2, 1024]))
[2026-06-25 18:11:07,387][__main__][INFO] -   ✓ Extracted features for frame_0124.jpg (shape: torch.Size([1, 2, 1024]))
[2026-06-25 18:11:07,387][__main__][INFO] - ✓ Feature extraction complete
[2026-06-25 18:11:07,387][__main__][INFO] - 
[4/6] Building image pairs (sequential graph)...
[2026-06-25 18:11:07,387][__main__][INFO] - ✓ Built 123 image pairs
[2026-06-25 18:11:07,387][__main__][INFO] - 
[5/6] Running sparse global alignment with VGGT-Omega features...
[2026-06-25 18:11:07,387][__main__][INFO] -   Phase 1 (coarse): 300 iterations at lr=0.07
[2026-06-25 18:11:07,387][__main__][INFO] -   Phase 2 (fine): 300 iterations at lr=0.01
[2026-06-25 18:11:09,031][__main__][INFO] - ✓ Alignment complete
[2026-06-25 18:11:09,031][__main__][INFO] - 
[6a/6] Saving results...
[2026-06-25 18:11:09,032][__main__][INFO] - ✓ Saved poses to data/intermediates/frames2pts3d/vggtomega_full/poses.npy
[2026-06-25 18:11:09,032][__main__][INFO] - ✓ Saved focals to data/intermediates/frames2pts3d/vggtomega_full/focals.npy
[2026-06-25 18:11:09,289][__main__][INFO] - ✓ Saved 124 point clouds to data/intermediates/frames2pts3d/vggtomega_full/pts3d
[2026-06-25 18:11:09,290][__main__][INFO] - 
[6b/6] Creating 3D visualization...
[2026-06-25 18:11:09,518][__main__][INFO] - ✓ Filtered 262144 valid points from 262144 total points (confidence > 0.1)
[2026-06-25 18:11:11,132][__main__][INFO] - ✓ Saved visualization to data/intermediates/frames2pts3d/vggtomega_full/visualization.png
[2026-06-25 18:11:11,135][__main__][INFO] - ✓ Saved configuration to data/intermediates/frames2pts3d/vggtomega_full/config.yaml
[2026-06-25 18:11:11,135][__main__][INFO] - 
================================================================================
[2026-06-25 18:11:11,135][__main__][INFO] - ✅ Processing complete!
[2026-06-25 18:11:11,135][__main__][INFO] - ================================================================================
[2026-06-25 18:11:11,135][__main__][INFO] - Results saved to: data/intermediates/frames2pts3d/vggtomega_full
