[2026-06-25 15:31:27,189][__main__][INFO] - ================================================================================
[2026-06-25 15:31:27,189][__main__][INFO] - CONFIGURATION
[2026-06-25 15:31:27,189][__main__][INFO] - ================================================================================
[2026-06-25 15:31:27,190][__main__][INFO] - experiment:
  name: current_experiment
  group: frames2pts3d
paths:
  image_dir: data/incoming/images
  output_base: data/intermediates/frames2pts3d
  hydra_logs: logs/hydra/frames2pts3d
  cache_dir: /tmp/cache
model:
  encoder_variant: base
  resolution: 336
images:
  file_pattern: '*.jpg'
  resize_resolution: 336
pairs:
  scene_graph: complete
  symmetrize: true
alignment:
  coarse_phase:
    learning_rate: 0.07
    iterations: 300
    description: Coarse phase alignment
  fine_phase:
    learning_rate: 0.01
    iterations: 300
    description: Fine phase alignment
visualization:
  enabled: true
  image_idx: 0
  dpi: 150
  confidence_threshold: 0.1
  figure_size:
  - 12
  - 9
  colormap: viridis
  point_size: 1
  alpha: 0.6
output:
  save_poses: true
  save_focals: true
  save_point_clouds: true
  save_visualization: true
  save_config: true

[2026-06-25 15:31:27,190][__main__][INFO] - ================================================================================
[2026-06-25 15:31:27,190][__main__][INFO] - Output directory: data/intermediates/frames2pts3d/current_experiment
[2026-06-25 15:31:27,190][__main__][INFO] - 
[2/5] Loading images from data/incoming/images/...
[2026-06-25 15:31:27,191][__main__][INFO] - Found 124 images
[2026-06-25 15:31:27,213][__main__][INFO] -   ✓ Loaded frame_0001.jpg (1/124)
[2026-06-25 15:31:27,227][__main__][INFO] -   ✓ Loaded frame_0002.jpg (2/124)
[2026-06-25 15:31:27,242][__main__][INFO] -   ✓ Loaded frame_0003.jpg (3/124)
[2026-06-25 15:31:27,256][__main__][INFO] -   ✓ Loaded frame_0004.jpg (4/124)
[2026-06-25 15:31:27,270][__main__][INFO] -   ✓ Loaded frame_0005.jpg (5/124)
[2026-06-25 15:31:27,284][__main__][INFO] -   ✓ Loaded frame_0006.jpg (6/124)
[2026-06-25 15:31:27,298][__main__][INFO] -   ✓ Loaded frame_0007.jpg (7/124)
[2026-06-25 15:31:27,313][__main__][INFO] -   ✓ Loaded frame_0008.jpg (8/124)
[2026-06-25 15:31:27,327][__main__][INFO] -   ✓ Loaded frame_0009.jpg (9/124)
[2026-06-25 15:31:27,341][__main__][INFO] -   ✓ Loaded frame_0010.jpg (10/124)
[2026-06-25 15:31:27,355][__main__][INFO] -   ✓ Loaded frame_0011.jpg (11/124)
[2026-06-25 15:31:27,369][__main__][INFO] -   ✓ Loaded frame_0012.jpg (12/124)
[2026-06-25 15:31:27,383][__main__][INFO] -   ✓ Loaded frame_0013.jpg (13/124)
[2026-06-25 15:31:27,398][__main__][INFO] -   ✓ Loaded frame_0014.jpg (14/124)
[2026-06-25 15:31:27,412][__main__][INFO] -   ✓ Loaded frame_0015.jpg (15/124)
[2026-06-25 15:31:27,425][__main__][INFO] -   ✓ Loaded frame_0016.jpg (16/124)
[2026-06-25 15:31:27,440][__main__][INFO] -   ✓ Loaded frame_0017.jpg (17/124)
[2026-06-25 15:31:27,454][__main__][INFO] -   ✓ Loaded frame_0018.jpg (18/124)
[2026-06-25 15:31:27,468][__main__][INFO] -   ✓ Loaded frame_0019.jpg (19/124)
[2026-06-25 15:31:27,483][__main__][INFO] -   ✓ Loaded frame_0020.jpg (20/124)
[2026-06-25 15:31:27,497][__main__][INFO] -   ✓ Loaded frame_0021.jpg (21/124)
[2026-06-25 15:31:27,511][__main__][INFO] -   ✓ Loaded frame_0022.jpg (22/124)
[2026-06-25 15:31:27,525][__main__][INFO] -   ✓ Loaded frame_0023.jpg (23/124)
[2026-06-25 15:31:27,539][__main__][INFO] -   ✓ Loaded frame_0024.jpg (24/124)
[2026-06-25 15:31:27,553][__main__][INFO] -   ✓ Loaded frame_0025.jpg (25/124)
[2026-06-25 15:31:27,567][__main__][INFO] -   ✓ Loaded frame_0026.jpg (26/124)
[2026-06-25 15:31:27,579][__main__][INFO] -   ✓ Loaded frame_0027.jpg (27/124)
[2026-06-25 15:31:27,593][__main__][INFO] -   ✓ Loaded frame_0028.jpg (28/124)
[2026-06-25 15:31:27,607][__main__][INFO] -   ✓ Loaded frame_0029.jpg (29/124)
[2026-06-25 15:31:27,621][__main__][INFO] -   ✓ Loaded frame_0030.jpg (30/124)
[2026-06-25 15:31:27,634][__main__][INFO] -   ✓ Loaded frame_0031.jpg (31/124)
[2026-06-25 15:31:27,648][__main__][INFO] -   ✓ Loaded frame_0032.jpg (32/124)
[2026-06-25 15:31:27,662][__main__][INFO] -   ✓ Loaded frame_0033.jpg (33/124)
[2026-06-25 15:31:27,675][__main__][INFO] -   ✓ Loaded frame_0034.jpg (34/124)
[2026-06-25 15:31:27,688][__main__][INFO] -   ✓ Loaded frame_0035.jpg (35/124)
[2026-06-25 15:31:27,701][__main__][INFO] -   ✓ Loaded frame_0036.jpg (36/124)
[2026-06-25 15:31:27,716][__main__][INFO] -   ✓ Loaded frame_0037.jpg (37/124)
[2026-06-25 15:31:27,729][__main__][INFO] -   ✓ Loaded frame_0038.jpg (38/124)
[2026-06-25 15:31:27,743][__main__][INFO] -   ✓ Loaded frame_0039.jpg (39/124)
[2026-06-25 15:31:27,757][__main__][INFO] -   ✓ Loaded frame_0040.jpg (40/124)
[2026-06-25 15:31:27,771][__main__][INFO] -   ✓ Loaded frame_0041.jpg (41/124)
[2026-06-25 15:31:27,785][__main__][INFO] -   ✓ Loaded frame_0042.jpg (42/124)
[2026-06-25 15:31:27,799][__main__][INFO] -   ✓ Loaded frame_0043.jpg (43/124)
[2026-06-25 15:31:27,816][__main__][INFO] -   ✓ Loaded frame_0044.jpg (44/124)
[2026-06-25 15:31:27,830][__main__][INFO] -   ✓ Loaded frame_0045.jpg (45/124)
[2026-06-25 15:31:27,843][__main__][INFO] -   ✓ Loaded frame_0046.jpg (46/124)
[2026-06-25 15:31:27,857][__main__][INFO] -   ✓ Loaded frame_0047.jpg (47/124)
[2026-06-25 15:31:27,871][__main__][INFO] -   ✓ Loaded frame_0048.jpg (48/124)
[2026-06-25 15:31:27,884][__main__][INFO] -   ✓ Loaded frame_0049.jpg (49/124)
[2026-06-25 15:31:27,898][__main__][INFO] -   ✓ Loaded frame_0050.jpg (50/124)
[2026-06-25 15:31:27,912][__main__][INFO] -   ✓ Loaded frame_0051.jpg (51/124)
[2026-06-25 15:31:27,926][__main__][INFO] -   ✓ Loaded frame_0052.jpg (52/124)
[2026-06-25 15:31:27,939][__main__][INFO] -   ✓ Loaded frame_0053.jpg (53/124)
[2026-06-25 15:31:27,953][__main__][INFO] -   ✓ Loaded frame_0054.jpg (54/124)
[2026-06-25 15:31:27,968][__main__][INFO] -   ✓ Loaded frame_0055.jpg (55/124)
[2026-06-25 15:31:27,981][__main__][INFO] -   ✓ Loaded frame_0056.jpg (56/124)
[2026-06-25 15:31:27,995][__main__][INFO] -   ✓ Loaded frame_0057.jpg (57/124)
[2026-06-25 15:31:28,008][__main__][INFO] -   ✓ Loaded frame_0058.jpg (58/124)
[2026-06-25 15:31:28,021][__main__][INFO] -   ✓ Loaded frame_0059.jpg (59/124)
[2026-06-25 15:31:28,034][__main__][INFO] -   ✓ Loaded frame_0060.jpg (60/124)
[2026-06-25 15:31:28,046][__main__][INFO] -   ✓ Loaded frame_0061.jpg (61/124)
[2026-06-25 15:31:28,059][__main__][INFO] -   ✓ Loaded frame_0062.jpg (62/124)
[2026-06-25 15:31:28,073][__main__][INFO] -   ✓ Loaded frame_0063.jpg (63/124)
[2026-06-25 15:31:28,087][__main__][INFO] -   ✓ Loaded frame_0064.jpg (64/124)
[2026-06-25 15:31:28,100][__main__][INFO] -   ✓ Loaded frame_0065.jpg (65/124)
[2026-06-25 15:31:28,115][__main__][INFO] -   ✓ Loaded frame_0066.jpg (66/124)
[2026-06-25 15:31:28,128][__main__][INFO] -   ✓ Loaded frame_0067.jpg (67/124)
[2026-06-25 15:31:28,141][__main__][INFO] -   ✓ Loaded frame_0068.jpg (68/124)
[2026-06-25 15:31:28,155][__main__][INFO] -   ✓ Loaded frame_0069.jpg (69/124)
[2026-06-25 15:31:28,169][__main__][INFO] -   ✓ Loaded frame_0070.jpg (70/124)
[2026-06-25 15:31:28,182][__main__][INFO] -   ✓ Loaded frame_0071.jpg (71/124)
[2026-06-25 15:31:28,194][__main__][INFO] -   ✓ Loaded frame_0072.jpg (72/124)
[2026-06-25 15:31:28,207][__main__][INFO] -   ✓ Loaded frame_0073.jpg (73/124)
[2026-06-25 15:31:28,221][__main__][INFO] -   ✓ Loaded frame_0074.jpg (74/124)
[2026-06-25 15:31:28,234][__main__][INFO] -   ✓ Loaded frame_0075.jpg (75/124)
[2026-06-25 15:31:28,247][__main__][INFO] -   ✓ Loaded frame_0076.jpg (76/124)
[2026-06-25 15:31:28,258][__main__][INFO] -   ✓ Loaded frame_0077.jpg (77/124)
[2026-06-25 15:31:28,271][__main__][INFO] -   ✓ Loaded frame_0078.jpg (78/124)
[2026-06-25 15:31:28,284][__main__][INFO] -   ✓ Loaded frame_0079.jpg (79/124)
[2026-06-25 15:31:28,297][__main__][INFO] -   ✓ Loaded frame_0080.jpg (80/124)
[2026-06-25 15:31:28,310][__main__][INFO] -   ✓ Loaded frame_0081.jpg (81/124)
[2026-06-25 15:31:28,323][__main__][INFO] -   ✓ Loaded frame_0082.jpg (82/124)
[2026-06-25 15:31:28,337][__main__][INFO] -   ✓ Loaded frame_0083.jpg (83/124)
[2026-06-25 15:31:28,351][__main__][INFO] -   ✓ Loaded frame_0084.jpg (84/124)
[2026-06-25 15:31:28,364][__main__][INFO] -   ✓ Loaded frame_0085.jpg (85/124)
[2026-06-25 15:31:28,378][__main__][INFO] -   ✓ Loaded frame_0086.jpg (86/124)
[2026-06-25 15:31:28,391][__main__][INFO] -   ✓ Loaded frame_0087.jpg (87/124)
[2026-06-25 15:31:28,404][__main__][INFO] -   ✓ Loaded frame_0088.jpg (88/124)
[2026-06-25 15:31:28,418][__main__][INFO] -   ✓ Loaded frame_0089.jpg (89/124)
[2026-06-25 15:31:28,432][__main__][INFO] -   ✓ Loaded frame_0090.jpg (90/124)
[2026-06-25 15:31:28,445][__main__][INFO] -   ✓ Loaded frame_0091.jpg (91/124)
[2026-06-25 15:31:28,459][__main__][INFO] -   ✓ Loaded frame_0092.jpg (92/124)
[2026-06-25 15:31:28,474][__main__][INFO] -   ✓ Loaded frame_0093.jpg (93/124)
[2026-06-25 15:31:28,487][__main__][INFO] -   ✓ Loaded frame_0094.jpg (94/124)
[2026-06-25 15:31:28,502][__main__][INFO] -   ✓ Loaded frame_0095.jpg (95/124)
[2026-06-25 15:31:28,516][__main__][INFO] -   ✓ Loaded frame_0096.jpg (96/124)
[2026-06-25 15:31:28,531][__main__][INFO] -   ✓ Loaded frame_0097.jpg (97/124)
[2026-06-25 15:31:28,544][__main__][INFO] -   ✓ Loaded frame_0098.jpg (98/124)
[2026-06-25 15:31:28,558][__main__][INFO] -   ✓ Loaded frame_0099.jpg (99/124)
[2026-06-25 15:31:28,571][__main__][INFO] -   ✓ Loaded frame_0100.jpg (100/124)
[2026-06-25 15:31:28,585][__main__][INFO] -   ✓ Loaded frame_0101.jpg (101/124)
[2026-06-25 15:31:28,598][__main__][INFO] -   ✓ Loaded frame_0102.jpg (102/124)
[2026-06-25 15:31:28,611][__main__][INFO] -   ✓ Loaded frame_0103.jpg (103/124)
[2026-06-25 15:31:28,624][__main__][INFO] -   ✓ Loaded frame_0104.jpg (104/124)
[2026-06-25 15:31:28,637][__main__][INFO] -   ✓ Loaded frame_0105.jpg (105/124)
[2026-06-25 15:31:28,649][__main__][INFO] -   ✓ Loaded frame_0106.jpg (106/124)
[2026-06-25 15:31:28,663][__main__][INFO] -   ✓ Loaded frame_0107.jpg (107/124)
[2026-06-25 15:31:28,675][__main__][INFO] -   ✓ Loaded frame_0108.jpg (108/124)
[2026-06-25 15:31:28,687][__main__][INFO] -   ✓ Loaded frame_0109.jpg (109/124)
[2026-06-25 15:31:28,699][__main__][INFO] -   ✓ Loaded frame_0110.jpg (110/124)
[2026-06-25 15:31:28,712][__main__][INFO] -   ✓ Loaded frame_0111.jpg (111/124)
[2026-06-25 15:31:28,726][__main__][INFO] -   ✓ Loaded frame_0112.jpg (112/124)
[2026-06-25 15:31:28,739][__main__][INFO] -   ✓ Loaded frame_0113.jpg (113/124)
[2026-06-25 15:31:28,753][__main__][INFO] -   ✓ Loaded frame_0114.jpg (114/124)
[2026-06-25 15:31:28,766][__main__][INFO] -   ✓ Loaded frame_0115.jpg (115/124)
[2026-06-25 15:31:28,778][__main__][INFO] -   ✓ Loaded frame_0116.jpg (116/124)
[2026-06-25 15:31:28,792][__main__][INFO] -   ✓ Loaded frame_0117.jpg (117/124)
[2026-06-25 15:31:28,806][__main__][INFO] -   ✓ Loaded frame_0118.jpg (118/124)
[2026-06-25 15:31:28,820][__main__][INFO] -   ✓ Loaded frame_0119.jpg (119/124)
[2026-06-25 15:31:28,834][__main__][INFO] -   ✓ Loaded frame_0120.jpg (120/124)
[2026-06-25 15:31:28,848][__main__][INFO] -   ✓ Loaded frame_0121.jpg (121/124)
[2026-06-25 15:31:28,862][__main__][INFO] -   ✓ Loaded frame_0122.jpg (122/124)
[2026-06-25 15:31:28,876][__main__][INFO] -   ✓ Loaded frame_0123.jpg (123/124)
[2026-06-25 15:31:28,891][__main__][INFO] -   ✓ Loaded frame_0124.jpg (124/124)
[2026-06-25 15:31:28,891][__main__][INFO] - ✓ All 124 images loaded successfully
[2026-06-25 15:31:28,891][__main__][INFO] - [1/5] Loading DuneMast3r model (variant=base, resolution=336)...
[2026-06-25 15:31:30,664][__main__][INFO] - ✓ Model loaded successfully
[2026-06-25 15:31:30,664][__main__][INFO] - 
[3/5] Building image pairs (complete graph)...
[2026-06-25 15:31:30,665][__main__][INFO] - ✓ Built 15252 image pairs
[2026-06-25 15:31:30,665][__main__][INFO] - 
[4/5] Running sparse global alignment...
[2026-06-25 15:31:30,665][__main__][INFO] -   Phase 1 (coarse): 300 iterations at lr=0.07
[2026-06-25 15:31:30,665][__main__][INFO] -   Phase 2 (fine): 300 iterations at lr=0.01
[2026-06-25 16:18:09,310][__main__][INFO] - ✓ Alignment complete
[2026-06-25 16:18:09,312][__main__][INFO] - 
[5/5] Extracting results...
[2026-06-25 16:18:14,270][__main__][INFO] - ✓ Extracted poses shape: (124, 4, 4)
[2026-06-25 16:18:14,270][__main__][INFO] - ✓ Extracted focals shape: (124,)
[2026-06-25 16:18:14,270][__main__][INFO] - ✓ Extracted 124 point clouds (list format)
[2026-06-25 16:18:14,627][__main__][INFO] - ✓ Saved poses to data/intermediates/frames2pts3d/current_experiment/poses.npy
[2026-06-25 16:18:14,628][__main__][INFO] - ✓ Saved focals to data/intermediates/frames2pts3d/current_experiment/focals.npy
[2026-06-25 16:18:16,453][__main__][INFO] - ✓ Saved 124 point clouds to data/intermediates/frames2pts3d/current_experiment/pts3d
[2026-06-25 16:18:16,453][__main__][INFO] - 
[6/6] Creating 3D visualization...
[2026-06-25 16:18:16,711][__main__][INFO] - ✓ Filtered 8442 valid points from 56448 total points (confidence > 0.1)
[2026-06-25 16:18:17,010][__main__][INFO] - ✓ Saved visualization to data/intermediates/frames2pts3d/current_experiment/visualization.png
[2026-06-25 16:18:17,012][__main__][INFO] - ✓ Saved configuration to data/intermediates/frames2pts3d/current_experiment/config.yaml
[2026-06-25 16:18:17,012][__main__][INFO] - 
================================================================================
[2026-06-25 16:18:17,012][__main__][INFO] - ✅ Processing complete!
[2026-06-25 16:18:17,012][__main__][INFO] - ================================================================================
[2026-06-25 16:18:17,012][__main__][INFO] - Results saved to: data/intermediates/frames2pts3d/current_experiment
